#
# There is insufficient memory for the Java Runtime Environment to continue.
# Native memory allocation (malloc) failed to allocate 279776 bytes for Chunk::new
# Possible reasons:
#   The system is out of physical RAM or swap space
#   The process is running with CompressedOops enabled, and the Java Heap may be blocking the growth of the native heap
# Possible solutions:
#   Reduce memory load on the system
#   Increase physical memory or swap space
#   Check if swap backing store is full
#   Decrease Java heap size (-Xmx/-Xms)
#   Decrease number of Java threads
#   Decrease Java thread stack sizes (-Xss)
#   Set larger code cache with -XX:ReservedCodeCacheSize=
#   JVM is running with Unscaled Compressed Oops mode in which the Java heap is
#     placed in the first 4GB address space. The Java Heap base address is the
#     maximum limit for the native heap growth. Please use -XX:HeapBaseMinAddress
#     to set the Java Heap base and to place the Java Heap above 4GB virtual address.
# This output file may be truncated or incomplete.
#
#  Out of Memory Error (allocation.cpp:389), pid=6852, tid=0x0000000000006a10
#
# JRE version: OpenJDK Runtime Environment (8.0_242-b01) (build 1.8.0_242-release-1644-b01)
# Java VM: OpenJDK 64-Bit Server VM (25.242-b01 mixed mode windows-amd64 compressed oops)
# Failed to write core dump. Minidumps are not enabled by default on client versions of Windows
#

---------------  T H R E A D  ---------------

Current thread (0x00000000180af000):  JavaThread "C2 CompilerThread2" daemon [_thread_in_native, id=27152, stack(0x00000000197f0000,0x00000000198f0000)]

Stack: [0x00000000197f0000,0x00000000198f0000]
[error occurred during error reporting (printing stack bounds), id 0xc0000005]

Native frames: (J=compiled Java code, j=interpreted, Vv=VM code, C=native code)


Current CompileTask:
C2:   1533 1396   !   4       java.lang.ClassLoader::loadClass (122 bytes)


---------------  P R O C E S S  ---------------

Java Threads: ( => current thread )
  0x000000001bcd2800 JavaThread "Thread-9" [_thread_blocked, id=19660, stack(0x000000001d1b0000,0x000000001d2b0000)]
  0x000000001bd4a800 JavaThread "Stdin handler" [_thread_blocked, id=22100, stack(0x000000001d0b0000,0x000000001d1b0000)]
  0x000000001bd49000 JavaThread "Asynchronous log dispatcher for DefaultDaemonConnection: socket connection from /127.0.0.1:56375 to /127.0.0.1:56376" [_thread_blocked, id=24088, stack(0x000000001cfb0000,0x000000001d0b0000)]
  0x000000001bd45800 JavaThread "Daemon worker" [_thread_in_vm, id=15888, stack(0x000000001ceb0000,0x000000001cfb0000)]
  0x000000001bcbc000 JavaThread "Cancel handler" [_thread_blocked, id=5680, stack(0x000000001cdb0000,0x000000001ceb0000)]
  0x000000001bca6000 JavaThread "Handler for socket connection from /127.0.0.1:56375 to /127.0.0.1:56376" [_thread_in_native, id=20568, stack(0x000000001cab0000,0x000000001cbb0000)]
  0x000000001bca3000 JavaThread "Daemon" [_thread_blocked, id=29632, stack(0x000000001c9b0000,0x000000001cab0000)]
  0x000000001bc97800 JavaThread "Daemon periodic checks" [_thread_blocked, id=22924, stack(0x000000001c8b0000,0x000000001c9b0000)]
  0x000000001bc24000 JavaThread "Incoming local TCP Connector on port 56375" [_thread_in_native, id=28788, stack(0x000000001c700000,0x000000001c800000)]
  0x000000001bbf4000 JavaThread "Daemon health stats" [_thread_blocked, id=16608, stack(0x000000001c600000,0x000000001c700000)]
  0x0000000018194800 JavaThread "Service Thread" daemon [_thread_blocked, id=18496, stack(0x00000000199f0000,0x0000000019af0000)]
  0x0000000018118800 JavaThread "C1 CompilerThread3" daemon [_thread_blocked, id=9640, stack(0x00000000198f0000,0x00000000199f0000)]
=>0x00000000180af000 JavaThread "C2 CompilerThread2" daemon [_thread_in_native, id=27152, stack(0x00000000197f0000,0x00000000198f0000)]
  0x00000000180ad800 JavaThread "C2 CompilerThread1" daemon [_thread_blocked, id=17412, stack(0x00000000196f0000,0x00000000197f0000)]
  0x00000000180a9800 JavaThread "C2 CompilerThread0" daemon [_thread_in_native, id=15364, stack(0x00000000195f0000,0x00000000196f0000)]
  0x0000000018105800 JavaThread "Attach Listener" daemon [_thread_blocked, id=13904, stack(0x00000000194f0000,0x00000000195f0000)]
  0x0000000018104800 JavaThread "Signal Dispatcher" daemon [_thread_blocked, id=17452, stack(0x00000000193f0000,0x00000000194f0000)]
  0x00000000169d1800 JavaThread "Finalizer" daemon [_thread_blocked, id=23196, stack(0x00000000192f0000,0x00000000193f0000)]
  0x0000000018093000 JavaThread "Reference Handler" daemon [_thread_blocked, id=25276, stack(0x00000000191f0000,0x00000000192f0000)]
  0x0000000000c8e000 JavaThread "main" [_thread_blocked, id=6632, stack(0x0000000002810000,0x0000000002910000)]

Other Threads:
  0x00000000169c5800 VMThread [stack: 0x00000000190f0000,0x00000000191f0000] [id=19296]
  0x0000000018125000 WatcherThread [stack: 0x0000000019af0000,0x0000000019bf0000] [id=27116]

VM state:not at safepoint (normal execution)

VM Mutex/Monitor currently owned by a thread: None

heap address: 0x00000000a0000000, size: 1536 MB, Compressed Oops mode: 32-bit
Narrow klass base: 0x0000000000000000, Narrow klass shift: 3
Compressed class space size: 1073741824 Address: 0x0000000100000000

Heap:
 PSYoungGen      total 76288K, used 57103K [0x00000000e0000000, 0x00000000e5500000, 0x0000000100000000)
  eden space 65536K, 78% used [0x00000000e0000000,0x00000000e31ec030,0x00000000e4000000)
  from space 10752K, 55% used [0x00000000e4000000,0x00000000e45d7f10,0x00000000e4a80000)
  to   space 10752K, 0% used [0x00000000e4a80000,0x00000000e4a80000,0x00000000e5500000)
 ParOldGen       total 175104K, used 16K [0x00000000a0000000, 0x00000000aab00000, 0x00000000e0000000)
  object space 175104K, 0% used [0x00000000a0000000,0x00000000a0004000,0x00000000aab00000)
 Metaspace       used 12804K, capacity 13200K, committed 13440K, reserved 1060864K
  class space    used 1744K, capacity 1858K, committed 1920K, reserved 1048576K

Card table byte_map: [0x0000000011dd0000,0x00000000120e0000] byte_map_base: 0x00000000118d0000

Marking Bits: (ParMarkBitMap*) 0x0000000054f0f030
 Begin Bits: [0x0000000012ce0000, 0x00000000144e0000)
 End Bits:   [0x00000000144e0000, 0x0000000015ce0000)

Polling page: 0x0000000000740000

CodeCache: size=245760Kb used=5125Kb max_used=5136Kb free=240634Kb
 bounds [0x0000000002a10000, 0x0000000002f20000, 0x0000000011a10000]
 total_blobs=1779 nmethods=1402 adapters=291
 compilation: enabled

Compilation events (10 events):
Event: 1.520 Thread 0x0000000018118800 nmethod 1394 0x0000000002f01bd0 code [0x0000000002f01d20, 0x0000000002f01e30]
Event: 1.520 Thread 0x0000000018118800 1398       1       sun.reflect.generics.visitor.Reifier::getFactory (5 bytes)
Event: 1.520 Thread 0x0000000018118800 nmethod 1398 0x0000000002eff510 code [0x0000000002eff660, 0x0000000002eff770]
Event: 1.520 Thread 0x00000000180ad800 nmethod 1397 0x0000000002f036d0 code [0x0000000002f03840, 0x0000000002f03a68]
Event: 1.526 Thread 0x0000000018118800 1399       3       java.util.LinkedList::listIterator (15 bytes)
Event: 1.526 Thread 0x00000000180a9800 1401   !   4       sun.misc.URLClassPath$JarLoader::getResource (353 bytes)
Event: 1.526 Thread 0x0000000018118800 nmethod 1399 0x0000000002f078d0 code [0x0000000002f07a80, 0x0000000002f07f08]
Event: 1.526 Thread 0x0000000018118800 1400       3       java.util.LinkedList$ListItr::<init> (47 bytes)
Event: 1.526 Thread 0x0000000018118800 nmethod 1400 0x0000000002f07390 code [0x0000000002f07500, 0x0000000002f077c8]
Event: 1.531 Thread 0x0000000018118800 1402       3       java.lang.reflect.Constructor::<init> (50 bytes)

GC Heap History (2 events):
Event: 0.859 GC heap before
{Heap before GC invocations=1 (full 0):
 PSYoungGen      total 76288K, used 65536K [0x00000000e0000000, 0x00000000e5500000, 0x0000000100000000)
  eden space 65536K, 100% used [0x00000000e0000000,0x00000000e4000000,0x00000000e4000000)
  from space 10752K, 0% used [0x00000000e4a80000,0x00000000e4a80000,0x00000000e5500000)
  to   space 10752K, 0% used [0x00000000e4000000,0x00000000e4000000,0x00000000e4a80000)
 ParOldGen       total 175104K, used 0K [0x00000000a0000000, 0x00000000aab00000, 0x00000000e0000000)
  object space 175104K, 0% used [0x00000000a0000000,0x00000000a0000000,0x00000000aab00000)
 Metaspace       used 7730K, capacity 8026K, committed 8320K, reserved 1056768K
  class space    used 937K, capacity 1034K, committed 1152K, reserved 1048576K
Event: 0.864 GC heap after
Heap after GC invocations=1 (full 0):
 PSYoungGen      total 76288K, used 5983K [0x00000000e0000000, 0x00000000e5500000, 0x0000000100000000)
  eden space 65536K, 0% used [0x00000000e0000000,0x00000000e0000000,0x00000000e4000000)
  from space 10752K, 55% used [0x00000000e4000000,0x00000000e45d7f10,0x00000000e4a80000)
  to   space 10752K, 0% used [0x00000000e4a80000,0x00000000e4a80000,0x00000000e5500000)
 ParOldGen       total 175104K, used 16K [0x00000000a0000000, 0x00000000aab00000, 0x00000000e0000000)
  object space 175104K, 0% used [0x00000000a0000000,0x00000000a0004000,0x00000000aab00000)
 Metaspace       used 7730K, capacity 8026K, committed 8320K, reserved 1056768K
  class space    used 937K, capacity 1034K, committed 1152K, reserved 1048576K
}

Deoptimization events (10 events):
Event: 1.033 Thread 0x0000000000c8e000 Uncommon trap: reason=unstable_if action=reinterpret pc=0x0000000002c7f144 method=java.util.HashMap.getNode(ILjava/lang/Object;)Ljava/util/HashMap$Node; @ 129
Event: 1.033 Thread 0x0000000000c8e000 Uncommon trap: reason=bimorphic action=maybe_recompile pc=0x0000000002cb06b8 method=java.util.HashMap.putVal(ILjava/lang/Object;Ljava/lang/Object;ZZ)Ljava/lang/Object; @ 203
Event: 1.196 Thread 0x0000000000c8e000 Uncommon trap: reason=unstable_if action=reinterpret pc=0x0000000002d41500 method=java.io.WinNTFileSystem.normalize(Ljava/lang/String;)Ljava/lang/String; @ 128
Event: 1.196 Thread 0x0000000000c8e000 Uncommon trap: reason=unstable_if action=reinterpret pc=0x0000000002d398c4 method=java.io.WinNTFileSystem.normalize(Ljava/lang/String;II)Ljava/lang/String; @ 90
Event: 1.201 Thread 0x0000000000c8e000 Uncommon trap: reason=unstable_if action=reinterpret pc=0x0000000002d94860 method=sun.nio.cs.ext.DoubleByte$Encoder.encode([CII[B)I @ 113
Event: 1.420 Thread 0x000000001bca6000 Uncommon trap: reason=unstable_if action=reinterpret pc=0x0000000002e27a50 method=java.util.concurrent.ConcurrentHashMap.putVal(Ljava/lang/Object;Ljava/lang/Object;Z)Ljava/lang/Object; @ 206
Event: 1.432 Thread 0x000000001bca6000 Uncommon trap: reason=unstable_if action=reinterpret pc=0x0000000002d2a048 method=java.lang.String.substring(I)Ljava/lang/String; @ 35
Event: 1.459 Thread 0x000000001bd45800 Uncommon trap: reason=bimorphic action=maybe_recompile pc=0x0000000002cb0428 method=java.util.HashMap.putVal(ILjava/lang/Object;Ljava/lang/Object;ZZ)Ljava/lang/Object; @ 253
Event: 1.459 Thread 0x000000001bd45800 Uncommon trap: reason=bimorphic action=maybe_recompile pc=0x0000000002cb0428 method=java.util.HashMap.putVal(ILjava/lang/Object;Ljava/lang/Object;ZZ)Ljava/lang/Object; @ 253
Event: 1.459 Thread 0x000000001bd45800 Uncommon trap: reason=bimorphic action=maybe_recompile pc=0x0000000002cb0428 method=java.util.HashMap.putVal(ILjava/lang/Object;Ljava/lang/Object;ZZ)Ljava/lang/Object; @ 253

Classes redefined (0 events):
No events

Internal exceptions (10 events):
Event: 1.423 Thread 0x000000001bca6000 Exception <a 'java/lang/NoSuchMethodError': <clinit>> (0x00000000e22d2090) thrown at [C:\src\AOSP-openjdk-git\hotspot\src\share\vm\prims\jni.cpp, line 1615]
Event: 1.425 Thread 0x000000001bca6000 Exception <a 'java/lang/NoSuchMethodError': <clinit>> (0x00000000e22e4ac8) thrown at [C:\src\AOSP-openjdk-git\hotspot\src\share\vm\prims\jni.cpp, line 1615]
Event: 1.427 Thread 0x000000001bca6000 Exception <a 'java/lang/NoSuchMethodError': <clinit>> (0x00000000e230b8d8) thrown at [C:\src\AOSP-openjdk-git\hotspot\src\share\vm\prims\jni.cpp, line 1615]
Event: 1.429 Thread 0x000000001bca6000 Exception <a 'java/lang/NoSuchMethodError': <clinit>> (0x00000000e23235a0) thrown at [C:\src\AOSP-openjdk-git\hotspot\src\share\vm\prims\jni.cpp, line 1615]
Event: 1.429 Thread 0x000000001bca6000 Exception <a 'java/lang/NoSuchMethodError': <clinit>> (0x00000000e232c140) thrown at [C:\src\AOSP-openjdk-git\hotspot\src\share\vm\prims\jni.cpp, line 1615]
Event: 1.430 Thread 0x000000001bca6000 Exception <a 'java/lang/NoSuchMethodError': <clinit>> (0x00000000e23425b0) thrown at [C:\src\AOSP-openjdk-git\hotspot\src\share\vm\prims\jni.cpp, line 1615]
Event: 1.437 Thread 0x000000001bca6000 Exception <a 'java/lang/NoSuchMethodError': <clinit>> (0x00000000e239d040) thrown at [C:\src\AOSP-openjdk-git\hotspot\src\share\vm\prims\jni.cpp, line 1615]
Event: 1.439 Thread 0x000000001bca6000 Exception <a 'java/lang/NoSuchMethodError': <clinit>> (0x00000000e23c99a0) thrown at [C:\src\AOSP-openjdk-git\hotspot\src\share\vm\prims\jni.cpp, line 1615]
Event: 1.441 Thread 0x000000001bca6000 Exception <a 'java/lang/NoSuchMethodError': <clinit>> (0x00000000e23f6d18) thrown at [C:\src\AOSP-openjdk-git\hotspot\src\share\vm\prims\jni.cpp, line 1615]
Event: 1.442 Thread 0x000000001bca6000 Exception <a 'java/lang/NoSuchMethodError': <clinit>> (0x00000000e2401da0) thrown at [C:\src\AOSP-openjdk-git\hotspot\src\share\vm\prims\jni.cpp, line 1615]

Events (10 events):
Event: 1.529 loading class org/gradle/nativeplatform/toolchain/internal/msvcpp/UcrtInstall
Event: 1.529 loading class org/gradle/nativeplatform/toolchain/internal/msvcpp/UcrtInstall done
Event: 1.530 loading class org/gradle/nativeplatform/toolchain/internal/xcode/MacOSSdkPathLocator
Event: 1.530 loading class org/gradle/nativeplatform/toolchain/internal/xcode/MacOSSdkPathLocator done
Event: 1.530 loading class org/gradle/nativeplatform/toolchain/internal/xcode/AbstractLocator
Event: 1.530 loading class org/gradle/nativeplatform/toolchain/internal/xcode/AbstractLocator done
Event: 1.530 loading class org/gradle/nativeplatform/toolchain/internal/xcode/MacOSSdkPlatformPathLocator
Event: 1.530 loading class org/gradle/nativeplatform/toolchain/internal/xcode/MacOSSdkPlatformPathLocator done
Event: 1.531 loading class org/gradle/nativeplatform/toolchain/internal/xcode/SwiftStdlibToolLocator
Event: 1.531 loading class org/gradle/nativeplatform/toolchain/internal/xcode/SwiftStdlibToolLocator done


Dynamic libraries:
0x00007ff68e4b0000 - 0x00007ff68e4e1000 	C:\Program Files\Android\Android Studio1\jre\bin\java.exe
0x00007ffbe2150000 - 0x00007ffbe2345000 	C:\Windows\SYSTEM32\ntdll.dll
0x00007ffbe01b0000 - 0x00007ffbe026d000 	C:\Windows\System32\KERNEL32.DLL
0x00007ffbdf9c0000 - 0x00007ffbdfc88000 	C:\Windows\System32\KERNELBASE.dll
0x00007ffbe02d0000 - 0x00007ffbe037c000 	C:\Windows\System32\ADVAPI32.dll
0x00007ffbe0450000 - 0x00007ffbe04ee000 	C:\Windows\System32\msvcrt.dll
0x00007ffbe1d70000 - 0x00007ffbe1e0b000 	C:\Windows\System32\sechost.dll
0x00007ffbe1f20000 - 0x00007ffbe204b000 	C:\Windows\System32\RPCRT4.dll
0x00007ffbe0670000 - 0x00007ffbe0810000 	C:\Windows\System32\USER32.dll
0x00007ffbdf990000 - 0x00007ffbdf9b2000 	C:\Windows\System32\win32u.dll
0x00007ffbe20e0000 - 0x00007ffbe210a000 	C:\Windows\System32\GDI32.dll
0x00007ffbdff70000 - 0x00007ffbe007b000 	C:\Windows\System32\gdi32full.dll
0x00007ffbdfed0000 - 0x00007ffbdff6d000 	C:\Windows\System32\msvcp_win.dll
0x00007ffbdf890000 - 0x00007ffbdf990000 	C:\Windows\System32\ucrtbase.dll
0x00007ffbcdfe0000 - 0x00007ffbce27a000 	C:\Windows\WinSxS\amd64_microsoft.windows.common-controls_6595b64144ccf1df_6.0.19041.844_none_ca00b6081b84eb1d\COMCTL32.dll
0x00007ffbe1ef0000 - 0x00007ffbe1f20000 	C:\Windows\System32\IMM32.DLL
0x0000000053700000 - 0x00000000537d2000 	C:\Program Files\Android\Android Studio1\jre\jre\bin\msvcr100.dll
0x0000000054740000 - 0x0000000054f8b000 	C:\Program Files\Android\Android Studio1\jre\jre\bin\server\jvm.dll
0x00007ffbe2050000 - 0x00007ffbe2058000 	C:\Windows\System32\PSAPI.DLL
0x00007ffbdb9c0000 - 0x00007ffbdb9c9000 	C:\Windows\SYSTEM32\WSOCK32.dll
0x00007ffbd8530000 - 0x00007ffbd853a000 	C:\Windows\SYSTEM32\VERSION.dll
0x00007ffbe04f0000 - 0x00007ffbe055b000 	C:\Windows\System32\WS2_32.dll
0x00007ffbd8500000 - 0x00007ffbd8527000 	C:\Windows\SYSTEM32\WINMM.dll
0x00007ffbd97f0000 - 0x00007ffbd97ff000 	C:\Program Files\Android\Android Studio1\jre\jre\bin\verify.dll
0x00007ffbcd560000 - 0x00007ffbcd589000 	C:\Program Files\Android\Android Studio1\jre\jre\bin\java.dll
0x00007ffbcbc60000 - 0x00007ffbcbc76000 	C:\Program Files\Android\Android Studio1\jre\jre\bin\zip.dll
0x00007ffbe0900000 - 0x00007ffbe1042000 	C:\Windows\System32\SHELL32.dll
0x00007ffbdd9f0000 - 0x00007ffbde181000 	C:\Windows\SYSTEM32\windows.storage.dll
0x00007ffbe1850000 - 0x00007ffbe1ba5000 	C:\Windows\System32\combase.dll
0x00007ffbdf300000 - 0x00007ffbdf32c000 	C:\Windows\SYSTEM32\Wldp.dll
0x00007ffbe05c0000 - 0x00007ffbe066e000 	C:\Windows\System32\SHCORE.dll
0x00007ffbe0560000 - 0x00007ffbe05b5000 	C:\Windows\System32\shlwapi.dll
0x00007ffbdf7d0000 - 0x00007ffbdf7ef000 	C:\Windows\SYSTEM32\profapi.dll
0x00007ffbc7f00000 - 0x00007ffbc7f1a000 	C:\Program Files\Android\Android Studio1\jre\jre\bin\net.dll
0x00007ffbdf070000 - 0x00007ffbdf0da000 	C:\Windows\system32\mswsock.dll
0x00007ffbc7ee0000 - 0x00007ffbc7ef3000 	C:\Program Files\Android\Android Studio1\jre\jre\bin\nio.dll
0x00007ffbcd7c0000 - 0x00007ffbcd7e6000 	C:\Users\Administrator\.gradle\native\31\windows-amd64\native-platform.dll
0x00007ffbd1e50000 - 0x00007ffbd1e5d000 	C:\Program Files\Android\Android Studio1\jre\jre\bin\management.dll
0x00007ffbdf250000 - 0x00007ffbdf268000 	C:\Windows\SYSTEM32\CRYPTSP.dll
0x00007ffbde9a0000 - 0x00007ffbde9d4000 	C:\Windows\system32\rsaenh.dll
0x00007ffbdfe40000 - 0x00007ffbdfe67000 	C:\Windows\System32\bcrypt.dll
0x00007ffbdf750000 - 0x00007ffbdf77e000 	C:\Windows\SYSTEM32\USERENV.dll
0x00007ffbe0080000 - 0x00007ffbe0100000 	C:\Windows\System32\bcryptprimitives.dll
0x00007ffbdf240000 - 0x00007ffbdf24c000 	C:\Windows\SYSTEM32\CRYPTBASE.dll
0x00007ffbded10000 - 0x00007ffbded4b000 	C:\Windows\SYSTEM32\IPHLPAPI.DLL
0x00007ffbe1820000 - 0x00007ffbe1828000 	C:\Windows\System32\NSI.dll
0x00007ffbda0c0000 - 0x00007ffbda0d7000 	C:\Windows\SYSTEM32\dhcpcsvc6.DLL
0x00007ffbda0a0000 - 0x00007ffbda0bd000 	C:\Windows\SYSTEM32\dhcpcsvc.DLL
0x00007ffbded60000 - 0x00007ffbdee2c000 	C:\Windows\SYSTEM32\DNSAPI.dll

VM Arguments:
jvm_args: -Xmx1536m -Dfile.encoding=GBK -Duser.country=CN -Duser.language=zh -Duser.variant 
java_command: org.gradle.launcher.daemon.bootstrap.GradleDaemon 6.1.1
java_class_path (initial): C:\Users\Administrator\.gradle\wrapper\dists\gradle-6.1.1-bin\4i3ntwqiazourd86epxcz427c\gradle-6.1.1\lib\gradle-launcher-6.1.1.jar
Launcher Type: SUN_STANDARD

Environment Variables:
JAVA_HOME=C:\Program Files\Java\jdk1.8.0_291
PATH=C:\Program Files (x86)\Common Files\Oracle\Java\javapath;C:\Windows\system32;C:\Windows;C:\Windows\System32\Wbem;C:\Windows\System32\WindowsPowerShell\v1.0\;D:\android\sdk\tools;D:\android\sdk\platform-tools;C:\Program Files\Git\cmd;D:\ruanjian\flutter\bin;C:\Program Files\TortoiseGit\bin;C:\Users\Administrator\AppData\Local\Microsoft\WindowsApps;;C:\Users\Administrator\AppData\Local\Programs\Microsoft VS Code\bin
USERNAME=Administrator
OS=Windows_NT
PROCESSOR_IDENTIFIER=AMD64 Family 23 Model 8 Stepping 2, AuthenticAMD



---------------  S Y S T E M  ---------------

OS: Windows 10.0 , 64 bit Build 19041 (10.0.19041.928)

CPU:total 12 (initial active 12) (12 cores per cpu, 1 threads per core) family 23 model 8 stepping 2, cmov, cx8, fxsr, mmx, sse, sse2, sse3, ssse3, sse4.1, sse4.2, popcnt, avx, avx2, aes, clmul, mmxext, 3dnowpref, lzcnt, sse4a, tsc, tscinvbit, tscinv, bmi1

Memory: 4k page, physical 16706900k(1012160k free), swap 29815408k(2576k free)

vm_info: OpenJDK 64-Bit Server VM (25.242-b01) for windows-amd64 JRE (1.8.0_242-release-1644-b01), built by "builder" with MS VC++ 10.0 (VS2010)

time: Fri Apr 01 15:50:06 2022
timezone: 中国标准时间
elapsed time: 1 seconds (0d 0h 0m 1s)

